2025-03-20 22:03:39 INFO  TodolistAppApplication:53 - Starting TodolistAppApplication using Java 21.0.4 with PID 18972 (D:\WorkSpace\Java_Project\Auth Service\target\classes started by LENOVO in D:\WorkSpace\Java_Project\Auth Service)
2025-03-20 22:03:39 DEBUG TodolistAppApplication:54 - Running with Spring Boot v3.4.3, Spring v6.2.3
2025-03-20 22:03:39 INFO  TodolistAppApplication:652 - No active profile set, falling back to 1 default profile: "default"
2025-03-20 22:03:39 INFO  DevToolsPropertyDefaultsPostProcessor:252 - Devtools property defaults active! Set 'spring.devtools.add-properties' to 'false' to disable
2025-03-20 22:03:39 INFO  DevToolsPropertyDefaultsPostProcessor:252 - For additional web related logging consider setting the 'logging.level.web' property to 'DEBUG'
2025-03-20 22:03:39 INFO  RepositoryConfigurationDelegate:143 - Bootstrapping Spring Data JPA repositories in DEFAULT mode.
2025-03-20 22:03:39 INFO  RepositoryConfigurationDelegate:211 - Finished Spring Data repository scanning in 40 ms. Found 1 JPA repository interface.
2025-03-20 22:03:40 INFO  TomcatWebServer:111 - Tomcat initialized with port 8080 (http)
2025-03-20 22:03:40 INFO  Http11NioProtocol:173 - Initializing ProtocolHandler ["http-nio-8080"]
2025-03-20 22:03:40 INFO  StandardService:173 - Starting service [Tomcat]
2025-03-20 22:03:40 INFO  StandardEngine:173 - Starting Servlet engine: [Apache Tomcat/10.1.36]
2025-03-20 22:03:40 INFO  [/]:173 - Initializing Spring embedded WebApplicationContext
2025-03-20 22:03:40 INFO  ServletWebServerApplicationContext:301 - Root WebApplicationContext: initialization completed in 1272 ms
2025-03-20 22:03:40 INFO  LogHelper:31 - HHH000204: Processing PersistenceUnitInfo [name: default]
2025-03-20 22:03:40 INFO  Version:44 - HHH000412: Hibernate ORM core version 6.6.8.Final
2025-03-20 22:03:40 INFO  RegionFactoryInitiator:50 - HHH000026: Second-level cache disabled
2025-03-20 22:03:41 INFO  SpringPersistenceUnitInfo:87 - No LoadTimeWeaver setup: ignoring JPA class transformer
2025-03-20 22:03:41 INFO  HikariDataSource:109 - HikariPool-1 - Starting...
2025-03-20 22:03:41 INFO  HikariPool:554 - HikariPool-1 - Added connection org.postgresql.jdbc.PgConnection@78a94884
2025-03-20 22:03:41 INFO  HikariDataSource:122 - HikariPool-1 - Start completed.
2025-03-20 22:03:41 WARN  deprecation:153 - HHH90000025: PostgreSQLDialect does not need to be specified explicitly using 'hibernate.dialect' (remove the property setting and it will be selected by default)
2025-03-20 22:03:41 INFO  pooling:157 - HHH10001005: Database info:
	Database JDBC URL [Connecting through datasource 'HikariDataSource (HikariPool-1)']
	Database driver: undefined/unknown
	Database version: 16.3
	Autocommit mode: undefined/unknown
	Isolation level: undefined/unknown
	Minimum pool size: undefined/unknown
	Maximum pool size: undefined/unknown
2025-03-20 22:03:42 INFO  JtaPlatformInitiator:59 - HHH000489: No JTA platform available (set 'hibernate.transaction.jta.platform' to enable JTA platform integration)
2025-03-20 22:03:42 INFO  LocalContainerEntityManagerFactoryBean:447 - Initialized JPA EntityManagerFactory for persistence unit 'default'
2025-03-20 22:03:42 DEBUG JwtAuthenticationFilter:240 - Filter 'jwtAuthenticationFilter' configured for use
2025-03-20 22:03:42 INFO  InitializeAuthenticationProviderBeanManagerConfigurer$InitializeAuthenticationProviderManagerConfigurer:80 - Global AuthenticationManager configured with AuthenticationProvider bean with name authenticationProvider
2025-03-20 22:03:42 WARN  InitializeUserDetailsBeanManagerConfigurer$InitializeUserDetailsManagerConfigurer:73 - Global AuthenticationManager configured with an AuthenticationProvider bean. UserDetailsService beans will not be used by Spring Security for automatically configuring username/password login. Consider removing the AuthenticationProvider bean. Alternatively, consider using the UserDetailsService in a manually instantiated DaoAuthenticationProvider. If the current configuration is intentional, to turn off this warning, increase the logging level of 'org.springframework.security.config.annotation.authentication.configuration.InitializeUserDetailsBeanManagerConfigurer' to ERROR
2025-03-20 22:03:42 WARN  JpaBaseConfiguration$JpaWebConfiguration:241 - spring.jpa.open-in-view is enabled by default. Therefore, database queries may be performed during view rendering. Explicitly configure spring.jpa.open-in-view to disable this warning
2025-03-20 22:03:43 INFO  OptionalLiveReloadServer:59 - LiveReload server is running on port 35729
2025-03-20 22:03:43 INFO  Http11NioProtocol:173 - Starting ProtocolHandler ["http-nio-8080"]
2025-03-20 22:03:43 INFO  TomcatWebServer:243 - Tomcat started on port 8080 (http) with context path '/'
2025-03-20 22:03:43 INFO  TodolistAppApplication:59 - Started TodolistAppApplication in 4.216 seconds (process running for 5.625)
2025-03-20 22:04:05 INFO  GracefulShutdown:54 - Commencing graceful shutdown. Waiting for active requests to complete
2025-03-20 22:04:05 INFO  GracefulShutdown:76 - Graceful shutdown complete
2025-03-20 22:04:05 INFO  LocalContainerEntityManagerFactoryBean:660 - Closing JPA EntityManagerFactory for persistence unit 'default'
2025-03-20 22:04:05 INFO  HikariDataSource:349 - HikariPool-1 - Shutdown initiated...
2025-03-20 22:04:05 INFO  HikariDataSource:351 - HikariPool-1 - Shutdown completed.
2025-03-20 22:04:08 INFO  TodolistAppApplication:53 - Starting TodolistAppApplication using Java 21.0.4 with PID 14596 (D:\WorkSpace\Java_Project\Auth Service\target\classes started by LENOVO in D:\WorkSpace\Java_Project\Auth Service)
2025-03-20 22:04:08 DEBUG TodolistAppApplication:54 - Running with Spring Boot v3.4.3, Spring v6.2.3
2025-03-20 22:04:08 INFO  TodolistAppApplication:652 - No active profile set, falling back to 1 default profile: "default"
2025-03-20 22:04:08 INFO  DevToolsPropertyDefaultsPostProcessor:252 - Devtools property defaults active! Set 'spring.devtools.add-properties' to 'false' to disable
2025-03-20 22:04:08 INFO  DevToolsPropertyDefaultsPostProcessor:252 - For additional web related logging consider setting the 'logging.level.web' property to 'DEBUG'
2025-03-20 22:04:09 INFO  RepositoryConfigurationDelegate:143 - Bootstrapping Spring Data JPA repositories in DEFAULT mode.
2025-03-20 22:04:09 INFO  RepositoryConfigurationDelegate:211 - Finished Spring Data repository scanning in 36 ms. Found 1 JPA repository interface.
2025-03-20 22:04:10 INFO  TomcatWebServer:111 - Tomcat initialized with port 8080 (http)
2025-03-20 22:04:10 INFO  Http11NioProtocol:173 - Initializing ProtocolHandler ["http-nio-8080"]
2025-03-20 22:04:10 INFO  StandardService:173 - Starting service [Tomcat]
2025-03-20 22:04:10 INFO  StandardEngine:173 - Starting Servlet engine: [Apache Tomcat/10.1.36]
2025-03-20 22:04:10 INFO  [/]:173 - Initializing Spring embedded WebApplicationContext
2025-03-20 22:04:10 INFO  ServletWebServerApplicationContext:301 - Root WebApplicationContext: initialization completed in 1483 ms
2025-03-20 22:04:10 INFO  LogHelper:31 - HHH000204: Processing PersistenceUnitInfo [name: default]
2025-03-20 22:04:10 INFO  Version:44 - HHH000412: Hibernate ORM core version 6.6.8.Final
2025-03-20 22:04:10 INFO  RegionFactoryInitiator:50 - HHH000026: Second-level cache disabled
2025-03-20 22:04:10 INFO  SpringPersistenceUnitInfo:87 - No LoadTimeWeaver setup: ignoring JPA class transformer
2025-03-20 22:04:10 INFO  HikariDataSource:109 - HikariPool-1 - Starting...
2025-03-20 22:04:10 INFO  HikariPool:554 - HikariPool-1 - Added connection org.postgresql.jdbc.PgConnection@609828f9
2025-03-20 22:04:10 INFO  HikariDataSource:122 - HikariPool-1 - Start completed.
2025-03-20 22:04:10 WARN  deprecation:153 - HHH90000025: PostgreSQLDialect does not need to be specified explicitly using 'hibernate.dialect' (remove the property setting and it will be selected by default)
2025-03-20 22:04:10 INFO  pooling:157 - HHH10001005: Database info:
	Database JDBC URL [Connecting through datasource 'HikariDataSource (HikariPool-1)']
	Database driver: undefined/unknown
	Database version: 16.3
	Autocommit mode: undefined/unknown
	Isolation level: undefined/unknown
	Minimum pool size: undefined/unknown
	Maximum pool size: undefined/unknown
2025-03-20 22:04:11 INFO  JtaPlatformInitiator:59 - HHH000489: No JTA platform available (set 'hibernate.transaction.jta.platform' to enable JTA platform integration)
2025-03-20 22:04:11 INFO  LocalContainerEntityManagerFactoryBean:447 - Initialized JPA EntityManagerFactory for persistence unit 'default'
2025-03-20 22:04:11 DEBUG JwtAuthenticationFilter:240 - Filter 'jwtAuthenticationFilter' configured for use
2025-03-20 22:04:11 INFO  InitializeAuthenticationProviderBeanManagerConfigurer$InitializeAuthenticationProviderManagerConfigurer:80 - Global AuthenticationManager configured with AuthenticationProvider bean with name authenticationProvider
2025-03-20 22:04:11 WARN  InitializeUserDetailsBeanManagerConfigurer$InitializeUserDetailsManagerConfigurer:73 - Global AuthenticationManager configured with an AuthenticationProvider bean. UserDetailsService beans will not be used by Spring Security for automatically configuring username/password login. Consider removing the AuthenticationProvider bean. Alternatively, consider using the UserDetailsService in a manually instantiated DaoAuthenticationProvider. If the current configuration is intentional, to turn off this warning, increase the logging level of 'org.springframework.security.config.annotation.authentication.configuration.InitializeUserDetailsBeanManagerConfigurer' to ERROR
2025-03-20 22:04:11 WARN  JpaBaseConfiguration$JpaWebConfiguration:241 - spring.jpa.open-in-view is enabled by default. Therefore, database queries may be performed during view rendering. Explicitly configure spring.jpa.open-in-view to disable this warning
2025-03-20 22:04:12 INFO  OptionalLiveReloadServer:59 - LiveReload server is running on port 35729
2025-03-20 22:04:12 INFO  Http11NioProtocol:173 - Starting ProtocolHandler ["http-nio-8080"]
2025-03-20 22:04:12 INFO  TomcatWebServer:243 - Tomcat started on port 8080 (http) with context path '/'
2025-03-20 22:04:12 INFO  TodolistAppApplication:59 - Started TodolistAppApplication in 3.709 seconds (process running for 4.456)
2025-03-20 22:07:36 INFO  [/]:173 - Initializing Spring DispatcherServlet 'dispatcherServlet'
2025-03-20 22:07:36 INFO  DispatcherServlet:532 - Initializing Servlet 'dispatcherServlet'
2025-03-20 22:07:36 INFO  DispatcherServlet:554 - Completed initialization in 1 ms
2025-03-20 22:07:36 INFO  AuthenticationService:58 - Bắt đầu xác thực cho email: alibou@mail.com
2025-03-20 22:08:09 INFO  AuthenticationService:32 - Bắt đầu đăng ký tài khoản cho email: alibou@mail.com
2025-03-20 22:08:09 DEBUG AuthenticationService:43 - Thông tin user trước khi lưu: User(id=null, firstName=a, lastName=b, email=alibou@mail.com, password=$2a$10$NiKkOMa00D/4fvYSfWdiouOqebI4i5TaS.aB3VE2vrPaUXK9BSPcO, role=USER)
2025-03-20 22:08:09 INFO  AuthenticationService:46 - Đã lưu user với email: alibou@mail.com vào database
2025-03-20 22:08:09 DEBUG AuthenticationService:49 - JWT token vừa được sinh ra cho user: alibou@mail.com
2025-03-20 22:08:09 INFO  AuthenticationService:51 - Đăng ký thành công cho email: alibou@mail.com
2025-03-20 22:08:23 INFO  AuthenticationService:58 - Bắt đầu xác thực cho email: alibou@mail.com
2025-03-20 22:08:23 DEBUG AuthenticationService:67 - AuthManager đã xác thực thành công cho email: alibou@mail.com
2025-03-20 22:08:23 INFO  AuthenticationService:77 - User xác thực thành công cho email: alibou@mail.com
2025-03-20 22:08:23 DEBUG AuthenticationService:78 - JWT token đã được sinh cho user: alibou@mail.com
2025-03-20 22:09:44 INFO  GracefulShutdown:54 - Commencing graceful shutdown. Waiting for active requests to complete
2025-03-20 22:09:44 INFO  GracefulShutdown:76 - Graceful shutdown complete
2025-03-20 22:09:44 INFO  LocalContainerEntityManagerFactoryBean:660 - Closing JPA EntityManagerFactory for persistence unit 'default'
2025-03-20 22:09:44 INFO  HikariDataSource:349 - HikariPool-1 - Shutdown initiated...
2025-03-20 22:09:44 INFO  HikariDataSource:351 - HikariPool-1 - Shutdown completed.
2025-04-09 22:17:20 INFO  TodolistAppApplication:53 - Starting TodolistAppApplication using Java 21.0.4 with PID 19212 (D:\WorkSpace\Java_Project\Auth Service\target\classes started by LENOVO in D:\WorkSpace\Java_Project\Auth Service)
2025-04-09 22:17:20 DEBUG TodolistAppApplication:54 - Running with Spring Boot v3.4.3, Spring v6.2.3
2025-04-09 22:17:20 INFO  TodolistAppApplication:652 - No active profile set, falling back to 1 default profile: "default"
2025-04-09 22:17:20 INFO  DevToolsPropertyDefaultsPostProcessor:252 - Devtools property defaults active! Set 'spring.devtools.add-properties' to 'false' to disable
2025-04-09 22:17:20 INFO  DevToolsPropertyDefaultsPostProcessor:252 - For additional web related logging consider setting the 'logging.level.web' property to 'DEBUG'
2025-04-09 22:17:21 INFO  RepositoryConfigurationDelegate:143 - Bootstrapping Spring Data JPA repositories in DEFAULT mode.
2025-04-09 22:17:21 INFO  RepositoryConfigurationDelegate:211 - Finished Spring Data repository scanning in 43 ms. Found 1 JPA repository interface.
2025-04-09 22:17:22 INFO  TomcatWebServer:111 - Tomcat initialized with port 8081 (http)
2025-04-09 22:17:22 INFO  Http11NioProtocol:173 - Initializing ProtocolHandler ["http-nio-8081"]
2025-04-09 22:17:22 INFO  StandardService:173 - Starting service [Tomcat]
2025-04-09 22:17:22 INFO  StandardEngine:173 - Starting Servlet engine: [Apache Tomcat/10.1.36]
2025-04-09 22:17:22 INFO  [/]:173 - Initializing Spring embedded WebApplicationContext
2025-04-09 22:17:22 INFO  ServletWebServerApplicationContext:301 - Root WebApplicationContext: initialization completed in 1688 ms
2025-04-09 22:17:22 INFO  LogHelper:31 - HHH000204: Processing PersistenceUnitInfo [name: default]
2025-04-09 22:17:22 INFO  Version:44 - HHH000412: Hibernate ORM core version 6.6.8.Final
2025-04-09 22:17:22 INFO  RegionFactoryInitiator:50 - HHH000026: Second-level cache disabled
2025-04-09 22:17:22 INFO  SpringPersistenceUnitInfo:87 - No LoadTimeWeaver setup: ignoring JPA class transformer
2025-04-09 22:17:22 INFO  HikariDataSource:109 - HikariPool-1 - Starting...
2025-04-09 22:17:23 INFO  HikariPool:554 - HikariPool-1 - Added connection org.postgresql.jdbc.PgConnection@55742f54
2025-04-09 22:17:23 INFO  HikariDataSource:122 - HikariPool-1 - Start completed.
2025-04-09 22:17:23 WARN  deprecation:153 - HHH90000025: PostgreSQLDialect does not need to be specified explicitly using 'hibernate.dialect' (remove the property setting and it will be selected by default)
2025-04-09 22:17:23 INFO  pooling:157 - HHH10001005: Database info:
	Database JDBC URL [Connecting through datasource 'HikariDataSource (HikariPool-1)']
	Database driver: undefined/unknown
	Database version: 16.3
	Autocommit mode: undefined/unknown
	Isolation level: undefined/unknown
	Minimum pool size: undefined/unknown
	Maximum pool size: undefined/unknown
2025-04-09 22:17:24 INFO  JtaPlatformInitiator:59 - HHH000489: No JTA platform available (set 'hibernate.transaction.jta.platform' to enable JTA platform integration)
2025-04-09 22:17:24 INFO  LocalContainerEntityManagerFactoryBean:447 - Initialized JPA EntityManagerFactory for persistence unit 'default'
2025-04-09 22:17:25 DEBUG JwtAuthenticationFilter:240 - Filter 'jwtAuthenticationFilter' configured for use
2025-04-09 22:17:25 INFO  InitializeAuthenticationProviderBeanManagerConfigurer$InitializeAuthenticationProviderManagerConfigurer:80 - Global AuthenticationManager configured with AuthenticationProvider bean with name authenticationProvider
2025-04-09 22:17:25 WARN  InitializeUserDetailsBeanManagerConfigurer$InitializeUserDetailsManagerConfigurer:73 - Global AuthenticationManager configured with an AuthenticationProvider bean. UserDetailsService beans will not be used by Spring Security for automatically configuring username/password login. Consider removing the AuthenticationProvider bean. Alternatively, consider using the UserDetailsService in a manually instantiated DaoAuthenticationProvider. If the current configuration is intentional, to turn off this warning, increase the logging level of 'org.springframework.security.config.annotation.authentication.configuration.InitializeUserDetailsBeanManagerConfigurer' to ERROR
2025-04-09 22:17:25 WARN  JpaBaseConfiguration$JpaWebConfiguration:241 - spring.jpa.open-in-view is enabled by default. Therefore, database queries may be performed during view rendering. Explicitly configure spring.jpa.open-in-view to disable this warning
2025-04-09 22:17:25 INFO  OptionalLiveReloadServer:59 - LiveReload server is running on port 35729
2025-04-09 22:17:25 INFO  Http11NioProtocol:173 - Starting ProtocolHandler ["http-nio-8081"]
2025-04-09 22:17:25 INFO  TomcatWebServer:243 - Tomcat started on port 8081 (http) with context path '/'
2025-04-09 22:17:25 INFO  TodolistAppApplication:59 - Started TodolistAppApplication in 5.68 seconds (process running for 7.823)
2025-04-09 22:31:35 INFO  [/]:173 - Initializing Spring DispatcherServlet 'dispatcherServlet'
2025-04-09 22:31:35 INFO  DispatcherServlet:532 - Initializing Servlet 'dispatcherServlet'
2025-04-09 22:31:35 INFO  DispatcherServlet:554 - Completed initialization in 8 ms
2025-04-09 22:31:35 INFO  AuthenticationService:32 - Bắt đầu đăng ký tài khoản cho email: alibou@mail.com
2025-04-09 22:31:35 DEBUG AuthenticationService:43 - Thông tin user trước khi lưu: User(id=null, firstName=a, lastName=b, email=alibou@mail.com, password=$2a$10$J3LZPfn5dkHnp6H37cp6Lum6pqZ00N2WD9DIrpAJ95i.kcBmTEPAC, role=USER)
2025-04-09 22:31:35 INFO  AuthenticationService:46 - Đã lưu user với email: alibou@mail.com vào database
2025-04-09 22:31:35 DEBUG AuthenticationService:49 - JWT token vừa được sinh ra cho user: alibou@mail.com
2025-04-09 22:31:35 INFO  AuthenticationService:51 - Đăng ký thành công cho email: alibou@mail.com
2025-04-09 22:31:56 WARN  DefaultHandlerExceptionResolver:254 - Resolved [org.springframework.http.converter.HttpMessageNotReadableException: Required request body is missing: public org.springframework.http.ResponseEntity<?> com.example.auth.controller.AuthenticationController.validateToken(java.util.Map<java.lang.String, java.lang.String>)]
2025-04-09 22:32:16 INFO  GracefulShutdown:54 - Commencing graceful shutdown. Waiting for active requests to complete
2025-04-09 22:32:16 INFO  GracefulShutdown:76 - Graceful shutdown complete
2025-04-09 22:32:16 INFO  LocalContainerEntityManagerFactoryBean:660 - Closing JPA EntityManagerFactory for persistence unit 'default'
2025-04-09 22:32:16 INFO  HikariDataSource:349 - HikariPool-1 - Shutdown initiated...
2025-04-09 22:32:16 INFO  HikariDataSource:351 - HikariPool-1 - Shutdown completed.
2025-04-09 22:32:19 INFO  TodolistAppApplication:53 - Starting TodolistAppApplication using Java 21.0.4 with PID 22148 (D:\WorkSpace\Java_Project\Auth Service\target\classes started by LENOVO in D:\WorkSpace\Java_Project\Auth Service)
2025-04-09 22:32:19 DEBUG TodolistAppApplication:54 - Running with Spring Boot v3.4.3, Spring v6.2.3
2025-04-09 22:32:19 INFO  TodolistAppApplication:652 - No active profile set, falling back to 1 default profile: "default"
2025-04-09 22:32:19 INFO  DevToolsPropertyDefaultsPostProcessor:252 - Devtools property defaults active! Set 'spring.devtools.add-properties' to 'false' to disable
2025-04-09 22:32:19 INFO  DevToolsPropertyDefaultsPostProcessor:252 - For additional web related logging consider setting the 'logging.level.web' property to 'DEBUG'
2025-04-09 22:32:19 INFO  RepositoryConfigurationDelegate:143 - Bootstrapping Spring Data JPA repositories in DEFAULT mode.
2025-04-09 22:32:20 INFO  RepositoryConfigurationDelegate:211 - Finished Spring Data repository scanning in 39 ms. Found 1 JPA repository interface.
2025-04-09 22:32:20 INFO  TomcatWebServer:111 - Tomcat initialized with port 8081 (http)
2025-04-09 22:32:20 INFO  Http11NioProtocol:173 - Initializing ProtocolHandler ["http-nio-8081"]
2025-04-09 22:32:20 INFO  StandardService:173 - Starting service [Tomcat]
2025-04-09 22:32:20 INFO  StandardEngine:173 - Starting Servlet engine: [Apache Tomcat/10.1.36]
2025-04-09 22:32:20 INFO  [/]:173 - Initializing Spring embedded WebApplicationContext
2025-04-09 22:32:20 INFO  ServletWebServerApplicationContext:301 - Root WebApplicationContext: initialization completed in 1157 ms
2025-04-09 22:32:20 INFO  LogHelper:31 - HHH000204: Processing PersistenceUnitInfo [name: default]
2025-04-09 22:32:20 INFO  Version:44 - HHH000412: Hibernate ORM core version 6.6.8.Final
2025-04-09 22:32:20 INFO  RegionFactoryInitiator:50 - HHH000026: Second-level cache disabled
2025-04-09 22:32:21 INFO  SpringPersistenceUnitInfo:87 - No LoadTimeWeaver setup: ignoring JPA class transformer
2025-04-09 22:32:21 INFO  HikariDataSource:109 - HikariPool-1 - Starting...
2025-04-09 22:32:21 INFO  HikariPool:554 - HikariPool-1 - Added connection org.postgresql.jdbc.PgConnection@41fc6cb2
2025-04-09 22:32:21 INFO  HikariDataSource:122 - HikariPool-1 - Start completed.
2025-04-09 22:32:21 WARN  deprecation:153 - HHH90000025: PostgreSQLDialect does not need to be specified explicitly using 'hibernate.dialect' (remove the property setting and it will be selected by default)
2025-04-09 22:32:21 INFO  pooling:157 - HHH10001005: Database info:
	Database JDBC URL [Connecting through datasource 'HikariDataSource (HikariPool-1)']
	Database driver: undefined/unknown
	Database version: 16.3
	Autocommit mode: undefined/unknown
	Isolation level: undefined/unknown
	Minimum pool size: undefined/unknown
	Maximum pool size: undefined/unknown
2025-04-09 22:32:22 INFO  JtaPlatformInitiator:59 - HHH000489: No JTA platform available (set 'hibernate.transaction.jta.platform' to enable JTA platform integration)
2025-04-09 22:32:22 INFO  LocalContainerEntityManagerFactoryBean:447 - Initialized JPA EntityManagerFactory for persistence unit 'default'
2025-04-09 22:32:22 DEBUG JwtAuthenticationFilter:240 - Filter 'jwtAuthenticationFilter' configured for use
2025-04-09 22:32:23 INFO  InitializeAuthenticationProviderBeanManagerConfigurer$InitializeAuthenticationProviderManagerConfigurer:80 - Global AuthenticationManager configured with AuthenticationProvider bean with name authenticationProvider
2025-04-09 22:32:23 WARN  InitializeUserDetailsBeanManagerConfigurer$InitializeUserDetailsManagerConfigurer:73 - Global AuthenticationManager configured with an AuthenticationProvider bean. UserDetailsService beans will not be used by Spring Security for automatically configuring username/password login. Consider removing the AuthenticationProvider bean. Alternatively, consider using the UserDetailsService in a manually instantiated DaoAuthenticationProvider. If the current configuration is intentional, to turn off this warning, increase the logging level of 'org.springframework.security.config.annotation.authentication.configuration.InitializeUserDetailsBeanManagerConfigurer' to ERROR
2025-04-09 22:32:23 WARN  JpaBaseConfiguration$JpaWebConfiguration:241 - spring.jpa.open-in-view is enabled by default. Therefore, database queries may be performed during view rendering. Explicitly configure spring.jpa.open-in-view to disable this warning
2025-04-09 22:32:23 INFO  OptionalLiveReloadServer:59 - LiveReload server is running on port 35729
2025-04-09 22:32:23 INFO  Http11NioProtocol:173 - Starting ProtocolHandler ["http-nio-8081"]
2025-04-09 22:32:23 INFO  TomcatWebServer:243 - Tomcat started on port 8081 (http) with context path '/'
2025-04-09 22:32:23 INFO  TodolistAppApplication:59 - Started TodolistAppApplication in 4.432 seconds (process running for 5.882)
2025-04-09 22:32:24 INFO  [/]:173 - Initializing Spring DispatcherServlet 'dispatcherServlet'
2025-04-09 22:32:24 INFO  DispatcherServlet:532 - Initializing Servlet 'dispatcherServlet'
2025-04-09 22:32:24 INFO  DispatcherServlet:554 - Completed initialization in 1 ms
2025-04-09 22:32:52 ERROR [dispatcherServlet]:175 - Servlet.service() for servlet [dispatcherServlet] in context with path [] threw exception
org.springframework.security.core.userdetails.UsernameNotFoundException: User not found
	at com.example.auth.config.ApplicationConfig.lambda$userDetailsService$0(ApplicationConfig.java:25) ~[classes/:?]
	at java.base/java.util.Optional.orElseThrow(Optional.java:403) ~[?:?]
	at com.example.auth.config.ApplicationConfig.lambda$userDetailsService$1(ApplicationConfig.java:25) ~[classes/:?]
	at com.example.auth.config.JwtAuthenticationFilter.doFilterInternal(JwtAuthenticationFilter.java:43) ~[classes/:?]
	at org.springframework.web.filter.OncePerRequestFilter.doFilter(OncePerRequestFilter.java:116) ~[spring-web-6.2.3.jar:6.2.3]
	at org.springframework.security.web.FilterChainProxy$VirtualFilterChain.doFilter(FilterChainProxy.java:374) ~[spring-security-web-6.4.3.jar:6.4.3]
	at org.springframework.security.web.authentication.logout.LogoutFilter.doFilter(LogoutFilter.java:107) ~[spring-security-web-6.4.3.jar:6.4.3]
	at org.springframework.security.web.authentication.logout.LogoutFilter.doFilter(LogoutFilter.java:93) ~[spring-security-web-6.4.3.jar:6.4.3]
	at org.springframework.security.web.FilterChainProxy$VirtualFilterChain.doFilter(FilterChainProxy.java:374) ~[spring-security-web-6.4.3.jar:6.4.3]
	at org.springframework.security.web.header.HeaderWriterFilter.doHeadersAfter(HeaderWriterFilter.java:90) ~[spring-security-web-6.4.3.jar:6.4.3]
	at org.springframework.security.web.header.HeaderWriterFilter.doFilterInternal(HeaderWriterFilter.java:75) ~[spring-security-web-6.4.3.jar:6.4.3]
	at org.springframework.web.filter.OncePerRequestFilter.doFilter(OncePerRequestFilter.java:116) ~[spring-web-6.2.3.jar:6.2.3]
	at org.springframework.security.web.FilterChainProxy$VirtualFilterChain.doFilter(FilterChainProxy.java:374) ~[spring-security-web-6.4.3.jar:6.4.3]
	at org.springframework.security.web.context.SecurityContextHolderFilter.doFilter(SecurityContextHolderFilter.java:82) ~[spring-security-web-6.4.3.jar:6.4.3]
	at org.springframework.security.web.context.SecurityContextHolderFilter.doFilter(SecurityContextHolderFilter.java:69) ~[spring-security-web-6.4.3.jar:6.4.3]
	at org.springframework.security.web.FilterChainProxy$VirtualFilterChain.doFilter(FilterChainProxy.java:374) ~[spring-security-web-6.4.3.jar:6.4.3]
	at org.springframework.security.web.context.request.async.WebAsyncManagerIntegrationFilter.doFilterInternal(WebAsyncManagerIntegrationFilter.java:62) ~[spring-security-web-6.4.3.jar:6.4.3]
	at org.springframework.web.filter.OncePerRequestFilter.doFilter(OncePerRequestFilter.java:116) ~[spring-web-6.2.3.jar:6.2.3]
	at org.springframework.security.web.FilterChainProxy$VirtualFilterChain.doFilter(FilterChainProxy.java:374) ~[spring-security-web-6.4.3.jar:6.4.3]
	at org.springframework.security.web.session.DisableEncodeUrlFilter.doFilterInternal(DisableEncodeUrlFilter.java:42) ~[spring-security-web-6.4.3.jar:6.4.3]
	at org.springframework.web.filter.OncePerRequestFilter.doFilter(OncePerRequestFilter.java:116) ~[spring-web-6.2.3.jar:6.2.3]
	at org.springframework.security.web.FilterChainProxy$VirtualFilterChain.doFilter(FilterChainProxy.java:374) ~[spring-security-web-6.4.3.jar:6.4.3]
	at org.springframework.security.web.FilterChainProxy.doFilterInternal(FilterChainProxy.java:233) ~[spring-security-web-6.4.3.jar:6.4.3]
	at org.springframework.security.web.FilterChainProxy.doFilter(FilterChainProxy.java:191) ~[spring-security-web-6.4.3.jar:6.4.3]
	at org.springframework.web.filter.CompositeFilter$VirtualFilterChain.doFilter(CompositeFilter.java:113) ~[spring-web-6.2.3.jar:6.2.3]
	at org.springframework.web.servlet.handler.HandlerMappingIntrospector.lambda$createCacheFilter$3(HandlerMappingIntrospector.java:243) ~[spring-webmvc-6.2.3.jar:6.2.3]
	at org.springframework.web.filter.CompositeFilter$VirtualFilterChain.doFilter(CompositeFilter.java:113) ~[spring-web-6.2.3.jar:6.2.3]
	at org.springframework.web.filter.CompositeFilter.doFilter(CompositeFilter.java:74) ~[spring-web-6.2.3.jar:6.2.3]
	at org.springframework.security.config.annotation.web.configuration.WebMvcSecurityConfiguration$CompositeFilterChainProxy.doFilter(WebMvcSecurityConfiguration.java:238) ~[spring-security-config-6.4.3.jar:6.4.3]
	at org.springframework.web.filter.DelegatingFilterProxy.invokeDelegate(DelegatingFilterProxy.java:362) ~[spring-web-6.2.3.jar:6.2.3]
	at org.springframework.web.filter.DelegatingFilterProxy.doFilter(DelegatingFilterProxy.java:278) ~[spring-web-6.2.3.jar:6.2.3]
	at org.apache.catalina.core.ApplicationFilterChain.internalDoFilter(ApplicationFilterChain.java:164) ~[tomcat-embed-core-10.1.36.jar:10.1.36]
	at org.apache.catalina.core.ApplicationFilterChain.doFilter(ApplicationFilterChain.java:140) ~[tomcat-embed-core-10.1.36.jar:10.1.36]
	at org.springframework.web.filter.RequestContextFilter.doFilterInternal(RequestContextFilter.java:100) ~[spring-web-6.2.3.jar:6.2.3]
	at org.springframework.web.filter.OncePerRequestFilter.doFilter(OncePerRequestFilter.java:116) ~[spring-web-6.2.3.jar:6.2.3]
	at org.apache.catalina.core.ApplicationFilterChain.internalDoFilter(ApplicationFilterChain.java:164) ~[tomcat-embed-core-10.1.36.jar:10.1.36]
	at org.apache.catalina.core.ApplicationFilterChain.doFilter(ApplicationFilterChain.java:140) ~[tomcat-embed-core-10.1.36.jar:10.1.36]
	at org.springframework.web.filter.FormContentFilter.doFilterInternal(FormContentFilter.java:93) ~[spring-web-6.2.3.jar:6.2.3]
	at org.springframework.web.filter.OncePerRequestFilter.doFilter(OncePerRequestFilter.java:116) ~[spring-web-6.2.3.jar:6.2.3]
	at org.apache.catalina.core.ApplicationFilterChain.internalDoFilter(ApplicationFilterChain.java:164) ~[tomcat-embed-core-10.1.36.jar:10.1.36]
	at org.apache.catalina.core.ApplicationFilterChain.doFilter(ApplicationFilterChain.java:140) ~[tomcat-embed-core-10.1.36.jar:10.1.36]
	at org.springframework.web.filter.CharacterEncodingFilter.doFilterInternal(CharacterEncodingFilter.java:201) ~[spring-web-6.2.3.jar:6.2.3]
	at org.springframework.web.filter.OncePerRequestFilter.doFilter(OncePerRequestFilter.java:116) ~[spring-web-6.2.3.jar:6.2.3]
	at org.apache.catalina.core.ApplicationFilterChain.internalDoFilter(ApplicationFilterChain.java:164) ~[tomcat-embed-core-10.1.36.jar:10.1.36]
	at org.apache.catalina.core.ApplicationFilterChain.doFilter(ApplicationFilterChain.java:140) ~[tomcat-embed-core-10.1.36.jar:10.1.36]
	at org.apache.catalina.core.StandardWrapperValve.invoke(StandardWrapperValve.java:167) ~[tomcat-embed-core-10.1.36.jar:10.1.36]
	at org.apache.catalina.core.StandardContextValve.invoke(StandardContextValve.java:90) ~[tomcat-embed-core-10.1.36.jar:10.1.36]
	at org.apache.catalina.authenticator.AuthenticatorBase.invoke(AuthenticatorBase.java:483) ~[tomcat-embed-core-10.1.36.jar:10.1.36]
	at org.apache.catalina.core.StandardHostValve.invoke(StandardHostValve.java:115) ~[tomcat-embed-core-10.1.36.jar:10.1.36]
	at org.apache.catalina.valves.ErrorReportValve.invoke(ErrorReportValve.java:93) ~[tomcat-embed-core-10.1.36.jar:10.1.36]
	at org.apache.catalina.core.StandardEngineValve.invoke(StandardEngineValve.java:74) ~[tomcat-embed-core-10.1.36.jar:10.1.36]
	at org.apache.catalina.connector.CoyoteAdapter.service(CoyoteAdapter.java:344) ~[tomcat-embed-core-10.1.36.jar:10.1.36]
	at org.apache.coyote.http11.Http11Processor.service(Http11Processor.java:397) ~[tomcat-embed-core-10.1.36.jar:10.1.36]
	at org.apache.coyote.AbstractProcessorLight.process(AbstractProcessorLight.java:63) ~[tomcat-embed-core-10.1.36.jar:10.1.36]
	at org.apache.coyote.AbstractProtocol$ConnectionHandler.process(AbstractProtocol.java:905) ~[tomcat-embed-core-10.1.36.jar:10.1.36]
	at org.apache.tomcat.util.net.NioEndpoint$SocketProcessor.doRun(NioEndpoint.java:1743) ~[tomcat-embed-core-10.1.36.jar:10.1.36]
	at org.apache.tomcat.util.net.SocketProcessorBase.run(SocketProcessorBase.java:52) ~[tomcat-embed-core-10.1.36.jar:10.1.36]
	at org.apache.tomcat.util.threads.ThreadPoolExecutor.runWorker(ThreadPoolExecutor.java:1190) ~[tomcat-embed-core-10.1.36.jar:10.1.36]
	at org.apache.tomcat.util.threads.ThreadPoolExecutor$Worker.run(ThreadPoolExecutor.java:659) ~[tomcat-embed-core-10.1.36.jar:10.1.36]
	at org.apache.tomcat.util.threads.TaskThread$WrappingRunnable.run(TaskThread.java:63) ~[tomcat-embed-core-10.1.36.jar:10.1.36]
	at java.base/java.lang.Thread.run(Thread.java:1583) [?:?]
2025-04-09 22:33:50 INFO  GracefulShutdown:54 - Commencing graceful shutdown. Waiting for active requests to complete
2025-04-09 22:33:50 INFO  GracefulShutdown:76 - Graceful shutdown complete
2025-04-09 22:33:50 INFO  LocalContainerEntityManagerFactoryBean:660 - Closing JPA EntityManagerFactory for persistence unit 'default'
2025-04-09 22:33:50 INFO  HikariDataSource:349 - HikariPool-1 - Shutdown initiated...
2025-04-09 22:33:50 INFO  HikariDataSource:351 - HikariPool-1 - Shutdown completed.
2025-04-09 22:34:01 INFO  TodolistAppApplication:53 - Starting TodolistAppApplication using Java 21.0.4 with PID 24172 (D:\WorkSpace\Java_Project\Auth Service\target\classes started by LENOVO in D:\WorkSpace\Java_Project\Auth Service)
2025-04-09 22:34:01 DEBUG TodolistAppApplication:54 - Running with Spring Boot v3.4.3, Spring v6.2.3
2025-04-09 22:34:01 INFO  TodolistAppApplication:652 - No active profile set, falling back to 1 default profile: "default"
2025-04-09 22:34:01 INFO  DevToolsPropertyDefaultsPostProcessor:252 - Devtools property defaults active! Set 'spring.devtools.add-properties' to 'false' to disable
2025-04-09 22:34:01 INFO  DevToolsPropertyDefaultsPostProcessor:252 - For additional web related logging consider setting the 'logging.level.web' property to 'DEBUG'
2025-04-09 22:34:02 INFO  RepositoryConfigurationDelegate:143 - Bootstrapping Spring Data JPA repositories in DEFAULT mode.
2025-04-09 22:34:02 INFO  RepositoryConfigurationDelegate:211 - Finished Spring Data repository scanning in 35 ms. Found 1 JPA repository interface.
2025-04-09 22:34:02 INFO  TomcatWebServer:111 - Tomcat initialized with port 8081 (http)
2025-04-09 22:34:02 INFO  Http11NioProtocol:173 - Initializing ProtocolHandler ["http-nio-8081"]
2025-04-09 22:34:02 INFO  StandardService:173 - Starting service [Tomcat]
2025-04-09 22:34:02 INFO  StandardEngine:173 - Starting Servlet engine: [Apache Tomcat/10.1.36]
2025-04-09 22:34:02 INFO  [/]:173 - Initializing Spring embedded WebApplicationContext
2025-04-09 22:34:02 INFO  ServletWebServerApplicationContext:301 - Root WebApplicationContext: initialization completed in 954 ms
2025-04-09 22:34:03 INFO  LogHelper:31 - HHH000204: Processing PersistenceUnitInfo [name: default]
2025-04-09 22:34:03 INFO  Version:44 - HHH000412: Hibernate ORM core version 6.6.8.Final
2025-04-09 22:34:03 INFO  RegionFactoryInitiator:50 - HHH000026: Second-level cache disabled
2025-04-09 22:34:03 INFO  SpringPersistenceUnitInfo:87 - No LoadTimeWeaver setup: ignoring JPA class transformer
2025-04-09 22:34:03 INFO  HikariDataSource:109 - HikariPool-1 - Starting...
2025-04-09 22:34:03 INFO  HikariPool:554 - HikariPool-1 - Added connection org.postgresql.jdbc.PgConnection@1cc27b0a
2025-04-09 22:34:03 INFO  HikariDataSource:122 - HikariPool-1 - Start completed.
2025-04-09 22:34:03 WARN  deprecation:153 - HHH90000025: PostgreSQLDialect does not need to be specified explicitly using 'hibernate.dialect' (remove the property setting and it will be selected by default)
2025-04-09 22:34:03 INFO  pooling:157 - HHH10001005: Database info:
	Database JDBC URL [Connecting through datasource 'HikariDataSource (HikariPool-1)']
	Database driver: undefined/unknown
	Database version: 16.3
	Autocommit mode: undefined/unknown
	Isolation level: undefined/unknown
	Minimum pool size: undefined/unknown
	Maximum pool size: undefined/unknown
2025-04-09 22:34:04 INFO  JtaPlatformInitiator:59 - HHH000489: No JTA platform available (set 'hibernate.transaction.jta.platform' to enable JTA platform integration)
2025-04-09 22:34:04 INFO  LocalContainerEntityManagerFactoryBean:447 - Initialized JPA EntityManagerFactory for persistence unit 'default'
2025-04-09 22:34:04 DEBUG JwtAuthenticationFilter:240 - Filter 'jwtAuthenticationFilter' configured for use
2025-04-09 22:34:04 INFO  InitializeAuthenticationProviderBeanManagerConfigurer$InitializeAuthenticationProviderManagerConfigurer:80 - Global AuthenticationManager configured with AuthenticationProvider bean with name authenticationProvider
2025-04-09 22:34:04 WARN  InitializeUserDetailsBeanManagerConfigurer$InitializeUserDetailsManagerConfigurer:73 - Global AuthenticationManager configured with an AuthenticationProvider bean. UserDetailsService beans will not be used by Spring Security for automatically configuring username/password login. Consider removing the AuthenticationProvider bean. Alternatively, consider using the UserDetailsService in a manually instantiated DaoAuthenticationProvider. If the current configuration is intentional, to turn off this warning, increase the logging level of 'org.springframework.security.config.annotation.authentication.configuration.InitializeUserDetailsBeanManagerConfigurer' to ERROR
2025-04-09 22:34:04 WARN  JpaBaseConfiguration$JpaWebConfiguration:241 - spring.jpa.open-in-view is enabled by default. Therefore, database queries may be performed during view rendering. Explicitly configure spring.jpa.open-in-view to disable this warning
2025-04-09 22:34:04 INFO  OptionalLiveReloadServer:59 - LiveReload server is running on port 35729
2025-04-09 22:34:04 INFO  Http11NioProtocol:173 - Starting ProtocolHandler ["http-nio-8081"]
2025-04-09 22:34:04 INFO  TomcatWebServer:243 - Tomcat started on port 8081 (http) with context path '/'
2025-04-09 22:34:04 INFO  TodolistAppApplication:59 - Started TodolistAppApplication in 3.29 seconds (process running for 4.033)
2025-04-09 22:34:12 INFO  GracefulShutdown:54 - Commencing graceful shutdown. Waiting for active requests to complete
2025-04-09 22:34:12 INFO  GracefulShutdown:76 - Graceful shutdown complete
2025-04-09 22:34:12 INFO  LocalContainerEntityManagerFactoryBean:660 - Closing JPA EntityManagerFactory for persistence unit 'default'
2025-04-09 22:34:12 INFO  HikariDataSource:349 - HikariPool-1 - Shutdown initiated...
2025-04-09 22:34:12 INFO  HikariDataSource:351 - HikariPool-1 - Shutdown completed.
2025-04-09 22:34:13 INFO  TodolistAppApplication:53 - Starting TodolistAppApplication using Java 21.0.4 with PID 23308 (D:\WorkSpace\Java_Project\Auth Service\target\classes started by LENOVO in D:\WorkSpace\Java_Project\Auth Service)
2025-04-09 22:34:13 DEBUG TodolistAppApplication:54 - Running with Spring Boot v3.4.3, Spring v6.2.3
2025-04-09 22:34:13 INFO  TodolistAppApplication:652 - No active profile set, falling back to 1 default profile: "default"
2025-04-09 22:34:13 INFO  DevToolsPropertyDefaultsPostProcessor:252 - Devtools property defaults active! Set 'spring.devtools.add-properties' to 'false' to disable
2025-04-09 22:34:13 INFO  DevToolsPropertyDefaultsPostProcessor:252 - For additional web related logging consider setting the 'logging.level.web' property to 'DEBUG'
2025-04-09 22:34:14 INFO  RepositoryConfigurationDelegate:143 - Bootstrapping Spring Data JPA repositories in DEFAULT mode.
2025-04-09 22:34:14 INFO  RepositoryConfigurationDelegate:211 - Finished Spring Data repository scanning in 36 ms. Found 1 JPA repository interface.
2025-04-09 22:34:14 INFO  TomcatWebServer:111 - Tomcat initialized with port 8081 (http)
2025-04-09 22:34:14 INFO  Http11NioProtocol:173 - Initializing ProtocolHandler ["http-nio-8081"]
2025-04-09 22:34:14 INFO  StandardService:173 - Starting service [Tomcat]
2025-04-09 22:34:14 INFO  StandardEngine:173 - Starting Servlet engine: [Apache Tomcat/10.1.36]
2025-04-09 22:34:14 INFO  [/]:173 - Initializing Spring embedded WebApplicationContext
2025-04-09 22:34:14 INFO  ServletWebServerApplicationContext:301 - Root WebApplicationContext: initialization completed in 1028 ms
2025-04-09 22:34:15 INFO  LogHelper:31 - HHH000204: Processing PersistenceUnitInfo [name: default]
2025-04-09 22:34:15 INFO  Version:44 - HHH000412: Hibernate ORM core version 6.6.8.Final
2025-04-09 22:34:15 INFO  RegionFactoryInitiator:50 - HHH000026: Second-level cache disabled
2025-04-09 22:34:15 INFO  SpringPersistenceUnitInfo:87 - No LoadTimeWeaver setup: ignoring JPA class transformer
2025-04-09 22:34:15 INFO  HikariDataSource:109 - HikariPool-1 - Starting...
2025-04-09 22:34:15 INFO  HikariPool:554 - HikariPool-1 - Added connection org.postgresql.jdbc.PgConnection@4a840b86
2025-04-09 22:34:15 INFO  HikariDataSource:122 - HikariPool-1 - Start completed.
2025-04-09 22:34:15 WARN  deprecation:153 - HHH90000025: PostgreSQLDialect does not need to be specified explicitly using 'hibernate.dialect' (remove the property setting and it will be selected by default)
2025-04-09 22:34:15 INFO  pooling:157 - HHH10001005: Database info:
	Database JDBC URL [Connecting through datasource 'HikariDataSource (HikariPool-1)']
	Database driver: undefined/unknown
	Database version: 16.3
	Autocommit mode: undefined/unknown
	Isolation level: undefined/unknown
	Minimum pool size: undefined/unknown
	Maximum pool size: undefined/unknown
2025-04-09 22:34:16 INFO  JtaPlatformInitiator:59 - HHH000489: No JTA platform available (set 'hibernate.transaction.jta.platform' to enable JTA platform integration)
2025-04-09 22:34:16 INFO  LocalContainerEntityManagerFactoryBean:447 - Initialized JPA EntityManagerFactory for persistence unit 'default'
2025-04-09 22:34:16 DEBUG JwtAuthenticationFilter:240 - Filter 'jwtAuthenticationFilter' configured for use
2025-04-09 22:34:16 INFO  InitializeAuthenticationProviderBeanManagerConfigurer$InitializeAuthenticationProviderManagerConfigurer:80 - Global AuthenticationManager configured with AuthenticationProvider bean with name authenticationProvider
2025-04-09 22:34:16 WARN  InitializeUserDetailsBeanManagerConfigurer$InitializeUserDetailsManagerConfigurer:73 - Global AuthenticationManager configured with an AuthenticationProvider bean. UserDetailsService beans will not be used by Spring Security for automatically configuring username/password login. Consider removing the AuthenticationProvider bean. Alternatively, consider using the UserDetailsService in a manually instantiated DaoAuthenticationProvider. If the current configuration is intentional, to turn off this warning, increase the logging level of 'org.springframework.security.config.annotation.authentication.configuration.InitializeUserDetailsBeanManagerConfigurer' to ERROR
2025-04-09 22:34:16 WARN  JpaBaseConfiguration$JpaWebConfiguration:241 - spring.jpa.open-in-view is enabled by default. Therefore, database queries may be performed during view rendering. Explicitly configure spring.jpa.open-in-view to disable this warning
2025-04-09 22:34:17 INFO  OptionalLiveReloadServer:59 - LiveReload server is running on port 35729
2025-04-09 22:34:17 INFO  Http11NioProtocol:173 - Starting ProtocolHandler ["http-nio-8081"]
2025-04-09 22:34:17 INFO  TomcatWebServer:243 - Tomcat started on port 8081 (http) with context path '/'
2025-04-09 22:34:17 INFO  TodolistAppApplication:59 - Started TodolistAppApplication in 3.499 seconds (process running for 4.42)
2025-04-09 22:34:28 INFO  [/]:173 - Initializing Spring DispatcherServlet 'dispatcherServlet'
2025-04-09 22:34:28 INFO  DispatcherServlet:532 - Initializing Servlet 'dispatcherServlet'
2025-04-09 22:34:28 INFO  DispatcherServlet:554 - Completed initialization in 1 ms
2025-04-09 22:34:28 INFO  AuthenticationService:32 - Bắt đầu đăng ký tài khoản cho email: alibou@mail.com
2025-04-09 22:34:28 DEBUG AuthenticationService:43 - Thông tin user trước khi lưu: User(id=null, firstName=a, lastName=b, email=alibou@mail.com, password=$2a$10$C8xhL5jowrVxfikEp/vJTO3oeSpZ3LB/x3zZ9.4O7if.O/itUQLzS, role=USER)
2025-04-09 22:34:28 INFO  AuthenticationService:46 - Đã lưu user với email: alibou@mail.com vào database
2025-04-09 22:34:28 DEBUG AuthenticationService:49 - JWT token vừa được sinh ra cho user: alibou@mail.com
2025-04-09 22:34:28 INFO  AuthenticationService:51 - Đăng ký thành công cho email: alibou@mail.com
2025-04-09 22:35:05 WARN  DefaultHandlerExceptionResolver:254 - Resolved [org.springframework.http.converter.HttpMessageNotReadableException: Required request body is missing: public org.springframework.http.ResponseEntity<?> com.example.auth.controller.AuthenticationController.validateToken(java.util.Map<java.lang.String, java.lang.String>)]
2025-04-09 22:41:49 INFO  GracefulShutdown:54 - Commencing graceful shutdown. Waiting for active requests to complete
2025-04-09 22:41:49 INFO  GracefulShutdown:76 - Graceful shutdown complete
2025-04-09 22:41:49 INFO  LocalContainerEntityManagerFactoryBean:660 - Closing JPA EntityManagerFactory for persistence unit 'default'
2025-04-09 22:41:49 INFO  HikariDataSource:349 - HikariPool-1 - Shutdown initiated...
2025-04-09 22:41:49 INFO  HikariDataSource:351 - HikariPool-1 - Shutdown completed.
2025-04-09 22:41:53 INFO  TodolistAppApplication:53 - Starting TodolistAppApplication using Java 21.0.4 with PID 9480 (D:\WorkSpace\Java_Project\Auth Service\target\classes started by LENOVO in D:\WorkSpace\Java_Project\Auth Service)
2025-04-09 22:41:53 DEBUG TodolistAppApplication:54 - Running with Spring Boot v3.4.3, Spring v6.2.3
2025-04-09 22:41:53 INFO  TodolistAppApplication:652 - No active profile set, falling back to 1 default profile: "default"
2025-04-09 22:41:53 INFO  DevToolsPropertyDefaultsPostProcessor:252 - Devtools property defaults active! Set 'spring.devtools.add-properties' to 'false' to disable
2025-04-09 22:41:53 INFO  DevToolsPropertyDefaultsPostProcessor:252 - For additional web related logging consider setting the 'logging.level.web' property to 'DEBUG'
2025-04-09 22:41:54 INFO  RepositoryConfigurationDelegate:143 - Bootstrapping Spring Data JPA repositories in DEFAULT mode.
2025-04-09 22:41:54 INFO  RepositoryConfigurationDelegate:211 - Finished Spring Data repository scanning in 37 ms. Found 1 JPA repository interface.
2025-04-09 22:41:54 INFO  TomcatWebServer:111 - Tomcat initialized with port 8081 (http)
2025-04-09 22:41:54 INFO  Http11NioProtocol:173 - Initializing ProtocolHandler ["http-nio-8081"]
2025-04-09 22:41:54 INFO  StandardService:173 - Starting service [Tomcat]
2025-04-09 22:41:54 INFO  StandardEngine:173 - Starting Servlet engine: [Apache Tomcat/10.1.36]
2025-04-09 22:41:54 INFO  [/]:173 - Initializing Spring embedded WebApplicationContext
2025-04-09 22:41:54 INFO  ServletWebServerApplicationContext:301 - Root WebApplicationContext: initialization completed in 1169 ms
2025-04-09 22:41:54 INFO  LogHelper:31 - HHH000204: Processing PersistenceUnitInfo [name: default]
2025-04-09 22:41:54 INFO  Version:44 - HHH000412: Hibernate ORM core version 6.6.8.Final
2025-04-09 22:41:54 INFO  RegionFactoryInitiator:50 - HHH000026: Second-level cache disabled
2025-04-09 22:41:55 INFO  SpringPersistenceUnitInfo:87 - No LoadTimeWeaver setup: ignoring JPA class transformer
2025-04-09 22:41:55 INFO  HikariDataSource:109 - HikariPool-1 - Starting...
2025-04-09 22:41:55 INFO  HikariPool:554 - HikariPool-1 - Added connection org.postgresql.jdbc.PgConnection@77d2521a
2025-04-09 22:41:55 INFO  HikariDataSource:122 - HikariPool-1 - Start completed.
2025-04-09 22:41:55 WARN  deprecation:153 - HHH90000025: PostgreSQLDialect does not need to be specified explicitly using 'hibernate.dialect' (remove the property setting and it will be selected by default)
2025-04-09 22:41:55 INFO  pooling:157 - HHH10001005: Database info:
	Database JDBC URL [Connecting through datasource 'HikariDataSource (HikariPool-1)']
	Database driver: undefined/unknown
	Database version: 16.3
	Autocommit mode: undefined/unknown
	Isolation level: undefined/unknown
	Minimum pool size: undefined/unknown
	Maximum pool size: undefined/unknown
2025-04-09 22:41:56 INFO  JtaPlatformInitiator:59 - HHH000489: No JTA platform available (set 'hibernate.transaction.jta.platform' to enable JTA platform integration)
2025-04-09 22:41:56 INFO  LocalContainerEntityManagerFactoryBean:447 - Initialized JPA EntityManagerFactory for persistence unit 'default'
2025-04-09 22:41:56 DEBUG JwtAuthenticationFilter:240 - Filter 'jwtAuthenticationFilter' configured for use
2025-04-09 22:41:56 INFO  InitializeAuthenticationProviderBeanManagerConfigurer$InitializeAuthenticationProviderManagerConfigurer:80 - Global AuthenticationManager configured with AuthenticationProvider bean with name authenticationProvider
2025-04-09 22:41:56 WARN  InitializeUserDetailsBeanManagerConfigurer$InitializeUserDetailsManagerConfigurer:73 - Global AuthenticationManager configured with an AuthenticationProvider bean. UserDetailsService beans will not be used by Spring Security for automatically configuring username/password login. Consider removing the AuthenticationProvider bean. Alternatively, consider using the UserDetailsService in a manually instantiated DaoAuthenticationProvider. If the current configuration is intentional, to turn off this warning, increase the logging level of 'org.springframework.security.config.annotation.authentication.configuration.InitializeUserDetailsBeanManagerConfigurer' to ERROR
2025-04-09 22:41:56 WARN  JpaBaseConfiguration$JpaWebConfiguration:241 - spring.jpa.open-in-view is enabled by default. Therefore, database queries may be performed during view rendering. Explicitly configure spring.jpa.open-in-view to disable this warning
2025-04-09 22:41:56 INFO  OptionalLiveReloadServer:59 - LiveReload server is running on port 35729
2025-04-09 22:41:56 INFO  Http11NioProtocol:173 - Starting ProtocolHandler ["http-nio-8081"]
2025-04-09 22:41:56 INFO  TomcatWebServer:243 - Tomcat started on port 8081 (http) with context path '/'
2025-04-09 22:41:56 INFO  TodolistAppApplication:59 - Started TodolistAppApplication in 3.65 seconds (process running for 4.762)
2025-04-09 22:42:00 INFO  [/]:173 - Initializing Spring DispatcherServlet 'dispatcherServlet'
2025-04-09 22:42:00 INFO  DispatcherServlet:532 - Initializing Servlet 'dispatcherServlet'
2025-04-09 22:42:00 INFO  DispatcherServlet:554 - Completed initialization in 1 ms
2025-04-09 22:42:05 DEBUG AuthenticationService:86 - Tìm user với email: alibou@mail.com
2025-04-09 22:42:45 ERROR [dispatcherServlet]:175 - Servlet.service() for servlet [dispatcherServlet] in context with path [] threw exception
io.jsonwebtoken.ExpiredJwtException: JWT expired at 2025-03-14T07:48:22Z. Current time: 2025-04-09T15:42:45Z, a difference of 2274863683 milliseconds.  Allowed clock skew: 0 milliseconds.
	at io.jsonwebtoken.impl.DefaultJwtParser.parse(DefaultJwtParser.java:427) ~[jjwt-impl-0.11.5.jar:0.11.5]
	at io.jsonwebtoken.impl.DefaultJwtParser.parse(DefaultJwtParser.java:529) ~[jjwt-impl-0.11.5.jar:0.11.5]
	at io.jsonwebtoken.impl.DefaultJwtParser.parseClaimsJws(DefaultJwtParser.java:589) ~[jjwt-impl-0.11.5.jar:0.11.5]
	at io.jsonwebtoken.impl.ImmutableJwtParser.parseClaimsJws(ImmutableJwtParser.java:173) ~[jjwt-impl-0.11.5.jar:0.11.5]
	at com.example.auth.service.JwtService.extractAllClaims(JwtService.java:67) ~[classes/:?]
	at com.example.auth.service.JwtService.extractClaim(JwtService.java:27) ~[classes/:?]
	at com.example.auth.service.JwtService.extractUsername(JwtService.java:23) ~[classes/:?]
	at com.example.auth.config.JwtAuthenticationFilter.doFilterInternal(JwtAuthenticationFilter.java:41) ~[classes/:?]
	at org.springframework.web.filter.OncePerRequestFilter.doFilter(OncePerRequestFilter.java:116) ~[spring-web-6.2.3.jar:6.2.3]
	at org.springframework.security.web.FilterChainProxy$VirtualFilterChain.doFilter(FilterChainProxy.java:374) ~[spring-security-web-6.4.3.jar:6.4.3]
	at org.springframework.security.web.authentication.logout.LogoutFilter.doFilter(LogoutFilter.java:107) ~[spring-security-web-6.4.3.jar:6.4.3]
	at org.springframework.security.web.authentication.logout.LogoutFilter.doFilter(LogoutFilter.java:93) ~[spring-security-web-6.4.3.jar:6.4.3]
	at org.springframework.security.web.FilterChainProxy$VirtualFilterChain.doFilter(FilterChainProxy.java:374) ~[spring-security-web-6.4.3.jar:6.4.3]
	at org.springframework.security.web.header.HeaderWriterFilter.doHeadersAfter(HeaderWriterFilter.java:90) ~[spring-security-web-6.4.3.jar:6.4.3]
	at org.springframework.security.web.header.HeaderWriterFilter.doFilterInternal(HeaderWriterFilter.java:75) ~[spring-security-web-6.4.3.jar:6.4.3]
	at org.springframework.web.filter.OncePerRequestFilter.doFilter(OncePerRequestFilter.java:116) ~[spring-web-6.2.3.jar:6.2.3]
	at org.springframework.security.web.FilterChainProxy$VirtualFilterChain.doFilter(FilterChainProxy.java:374) ~[spring-security-web-6.4.3.jar:6.4.3]
	at org.springframework.security.web.context.SecurityContextHolderFilter.doFilter(SecurityContextHolderFilter.java:82) ~[spring-security-web-6.4.3.jar:6.4.3]
	at org.springframework.security.web.context.SecurityContextHolderFilter.doFilter(SecurityContextHolderFilter.java:69) ~[spring-security-web-6.4.3.jar:6.4.3]
	at org.springframework.security.web.FilterChainProxy$VirtualFilterChain.doFilter(FilterChainProxy.java:374) ~[spring-security-web-6.4.3.jar:6.4.3]
	at org.springframework.security.web.context.request.async.WebAsyncManagerIntegrationFilter.doFilterInternal(WebAsyncManagerIntegrationFilter.java:62) ~[spring-security-web-6.4.3.jar:6.4.3]
	at org.springframework.web.filter.OncePerRequestFilter.doFilter(OncePerRequestFilter.java:116) ~[spring-web-6.2.3.jar:6.2.3]
	at org.springframework.security.web.FilterChainProxy$VirtualFilterChain.doFilter(FilterChainProxy.java:374) ~[spring-security-web-6.4.3.jar:6.4.3]
	at org.springframework.security.web.session.DisableEncodeUrlFilter.doFilterInternal(DisableEncodeUrlFilter.java:42) ~[spring-security-web-6.4.3.jar:6.4.3]
	at org.springframework.web.filter.OncePerRequestFilter.doFilter(OncePerRequestFilter.java:116) ~[spring-web-6.2.3.jar:6.2.3]
	at org.springframework.security.web.FilterChainProxy$VirtualFilterChain.doFilter(FilterChainProxy.java:374) ~[spring-security-web-6.4.3.jar:6.4.3]
	at org.springframework.security.web.FilterChainProxy.doFilterInternal(FilterChainProxy.java:233) ~[spring-security-web-6.4.3.jar:6.4.3]
	at org.springframework.security.web.FilterChainProxy.doFilter(FilterChainProxy.java:191) ~[spring-security-web-6.4.3.jar:6.4.3]
	at org.springframework.web.filter.CompositeFilter$VirtualFilterChain.doFilter(CompositeFilter.java:113) ~[spring-web-6.2.3.jar:6.2.3]
	at org.springframework.web.servlet.handler.HandlerMappingIntrospector.lambda$createCacheFilter$3(HandlerMappingIntrospector.java:243) ~[spring-webmvc-6.2.3.jar:6.2.3]
	at org.springframework.web.filter.CompositeFilter$VirtualFilterChain.doFilter(CompositeFilter.java:113) ~[spring-web-6.2.3.jar:6.2.3]
	at org.springframework.web.filter.CompositeFilter.doFilter(CompositeFilter.java:74) ~[spring-web-6.2.3.jar:6.2.3]
	at org.springframework.security.config.annotation.web.configuration.WebMvcSecurityConfiguration$CompositeFilterChainProxy.doFilter(WebMvcSecurityConfiguration.java:238) ~[spring-security-config-6.4.3.jar:6.4.3]
	at org.springframework.web.filter.DelegatingFilterProxy.invokeDelegate(DelegatingFilterProxy.java:362) ~[spring-web-6.2.3.jar:6.2.3]
	at org.springframework.web.filter.DelegatingFilterProxy.doFilter(DelegatingFilterProxy.java:278) ~[spring-web-6.2.3.jar:6.2.3]
	at org.apache.catalina.core.ApplicationFilterChain.internalDoFilter(ApplicationFilterChain.java:164) ~[tomcat-embed-core-10.1.36.jar:10.1.36]
	at org.apache.catalina.core.ApplicationFilterChain.doFilter(ApplicationFilterChain.java:140) ~[tomcat-embed-core-10.1.36.jar:10.1.36]
	at org.springframework.web.filter.RequestContextFilter.doFilterInternal(RequestContextFilter.java:100) ~[spring-web-6.2.3.jar:6.2.3]
	at org.springframework.web.filter.OncePerRequestFilter.doFilter(OncePerRequestFilter.java:116) ~[spring-web-6.2.3.jar:6.2.3]
	at org.apache.catalina.core.ApplicationFilterChain.internalDoFilter(ApplicationFilterChain.java:164) ~[tomcat-embed-core-10.1.36.jar:10.1.36]
	at org.apache.catalina.core.ApplicationFilterChain.doFilter(ApplicationFilterChain.java:140) ~[tomcat-embed-core-10.1.36.jar:10.1.36]
	at org.springframework.web.filter.FormContentFilter.doFilterInternal(FormContentFilter.java:93) ~[spring-web-6.2.3.jar:6.2.3]
	at org.springframework.web.filter.OncePerRequestFilter.doFilter(OncePerRequestFilter.java:116) ~[spring-web-6.2.3.jar:6.2.3]
	at org.apache.catalina.core.ApplicationFilterChain.internalDoFilter(ApplicationFilterChain.java:164) ~[tomcat-embed-core-10.1.36.jar:10.1.36]
	at org.apache.catalina.core.ApplicationFilterChain.doFilter(ApplicationFilterChain.java:140) ~[tomcat-embed-core-10.1.36.jar:10.1.36]
	at org.springframework.web.filter.CharacterEncodingFilter.doFilterInternal(CharacterEncodingFilter.java:201) ~[spring-web-6.2.3.jar:6.2.3]
	at org.springframework.web.filter.OncePerRequestFilter.doFilter(OncePerRequestFilter.java:116) ~[spring-web-6.2.3.jar:6.2.3]
	at org.apache.catalina.core.ApplicationFilterChain.internalDoFilter(ApplicationFilterChain.java:164) ~[tomcat-embed-core-10.1.36.jar:10.1.36]
	at org.apache.catalina.core.ApplicationFilterChain.doFilter(ApplicationFilterChain.java:140) ~[tomcat-embed-core-10.1.36.jar:10.1.36]
	at org.apache.catalina.core.StandardWrapperValve.invoke(StandardWrapperValve.java:167) ~[tomcat-embed-core-10.1.36.jar:10.1.36]
	at org.apache.catalina.core.StandardContextValve.invoke(StandardContextValve.java:90) ~[tomcat-embed-core-10.1.36.jar:10.1.36]
	at org.apache.catalina.authenticator.AuthenticatorBase.invoke(AuthenticatorBase.java:483) ~[tomcat-embed-core-10.1.36.jar:10.1.36]
	at org.apache.catalina.core.StandardHostValve.invoke(StandardHostValve.java:115) ~[tomcat-embed-core-10.1.36.jar:10.1.36]
	at org.apache.catalina.valves.ErrorReportValve.invoke(ErrorReportValve.java:93) ~[tomcat-embed-core-10.1.36.jar:10.1.36]
	at org.apache.catalina.core.StandardEngineValve.invoke(StandardEngineValve.java:74) ~[tomcat-embed-core-10.1.36.jar:10.1.36]
	at org.apache.catalina.connector.CoyoteAdapter.service(CoyoteAdapter.java:344) ~[tomcat-embed-core-10.1.36.jar:10.1.36]
	at org.apache.coyote.http11.Http11Processor.service(Http11Processor.java:397) ~[tomcat-embed-core-10.1.36.jar:10.1.36]
	at org.apache.coyote.AbstractProcessorLight.process(AbstractProcessorLight.java:63) ~[tomcat-embed-core-10.1.36.jar:10.1.36]
	at org.apache.coyote.AbstractProtocol$ConnectionHandler.process(AbstractProtocol.java:905) ~[tomcat-embed-core-10.1.36.jar:10.1.36]
	at org.apache.tomcat.util.net.NioEndpoint$SocketProcessor.doRun(NioEndpoint.java:1743) ~[tomcat-embed-core-10.1.36.jar:10.1.36]
	at org.apache.tomcat.util.net.SocketProcessorBase.run(SocketProcessorBase.java:52) ~[tomcat-embed-core-10.1.36.jar:10.1.36]
	at org.apache.tomcat.util.threads.ThreadPoolExecutor.runWorker(ThreadPoolExecutor.java:1190) ~[tomcat-embed-core-10.1.36.jar:10.1.36]
	at org.apache.tomcat.util.threads.ThreadPoolExecutor$Worker.run(ThreadPoolExecutor.java:659) ~[tomcat-embed-core-10.1.36.jar:10.1.36]
	at org.apache.tomcat.util.threads.TaskThread$WrappingRunnable.run(TaskThread.java:63) ~[tomcat-embed-core-10.1.36.jar:10.1.36]
	at java.base/java.lang.Thread.run(Thread.java:1583) [?:?]
2025-04-09 22:43:14 DEBUG AuthenticationService:86 - Tìm user với email: alibou@mail.com
2025-04-09 22:43:36 INFO  GracefulShutdown:54 - Commencing graceful shutdown. Waiting for active requests to complete
2025-04-09 22:43:36 INFO  GracefulShutdown:76 - Graceful shutdown complete
2025-04-09 22:43:36 INFO  LocalContainerEntityManagerFactoryBean:660 - Closing JPA EntityManagerFactory for persistence unit 'default'
2025-04-09 22:43:36 INFO  HikariDataSource:349 - HikariPool-1 - Shutdown initiated...
2025-04-09 22:43:36 INFO  HikariDataSource:351 - HikariPool-1 - Shutdown completed.
